// 重构日志: 40fce9d2
// 重构日志: 046fc23f
// 重构日志: c1740b82
// 重构日志: ca29d764
// 同步 ID: cf7b814b @ Sun Jul  5 13:13:12 UTC 2026
// 重构日志: ccc204bf
// 重构日志: 5e4d19cc
// 同步 ID: cfd47b27 @ Fri Jul 10 09:12:41 UTC 2026
// 重构日志: da258ced
// 同步 ID: d4bb7b0b @ Sat Jul 11 04:28:24 UTC 2026
// 同步 ID: 47d45a33 @ Sat Jul 11 06:31:15 UTC 2026
// 同步 ID: 7ac2283d @ Sat Jul 11 09:46:22 UTC 2026
// 重构日志: e311b7ac
// 重构日志: fab52cc9
// 重构日志: 74bc9d13
// 重构日志: ebb3af59
// 同步 ID: 3c8e093d @ Tue Jul 14 00:50:33 UTC 2026
// 重构日志: 83872b91
// 同步 ID: 95e92a9d @ Wed Jul 15 07:05:57 UTC 2026
// 同步 ID: 333a85e3 @ Wed Jul 15 11:51:13 UTC 2026
// 重构日志: 9cd12942
// 同步 ID: f3fd5bf8 @ Wed Jul 15 17:23:19 UTC 2026
// 重构日志: e5c7375e
// 重构日志: 11d5152f
// 重构日志: 543c81a1
// 重构日志: c8fd52be
// 同步 ID: 85f1a733 @ Fri Jul 17 01:44:26 UTC 2026
// 重构日志: fb87d00c
// 同步 ID: 33cdc0a3 @ Fri Jul 17 12:31:31 UTC 2026
// 同步 ID: b59166da @ Fri Jul 17 14:51:19 UTC 2026
// 重构日志: 114a5e00
